TN:
SF:controllers/authController.js
FN:7,(anonymous_0)
FN:44,(anonymous_1)
FN:78,(anonymous_2)
FNF:3
FNH:3
FNDA:4,(anonymous_0)
FNDA:5,(anonymous_1)
FNDA:1,(anonymous_2)
DA:1,1
DA:2,1
DA:3,1
DA:7,1
DA:8,4
DA:10,4
DA:11,1
DA:14,3
DA:16,3
DA:17,3
DA:18,1
DA:22,2
DA:23,2
DA:26,2
DA:31,2
DA:37,0
DA:38,0
DA:44,1
DA:45,5
DA:47,5
DA:48,1
DA:51,4
DA:53,4
DA:54,4
DA:55,1
DA:57,3
DA:60,3
DA:61,3
DA:62,1
DA:66,2
DA:73,2
DA:74,2
DA:75,1
DA:78,1
DA:79,1
DA:80,0
DA:82,1
DA:93,0
DA:94,0
LF:39
LH:34
BRDA:10,0,0,1
BRDA:10,0,1,3
BRDA:10,1,0,4
BRDA:10,1,1,4
BRDA:17,2,0,1
BRDA:17,2,1,2
BRDA:28,3,0,2
BRDA:28,3,1,1
BRDA:47,4,0,1
BRDA:47,4,1,4
BRDA:47,5,0,5
BRDA:47,5,1,5
BRDA:54,6,0,1
BRDA:54,6,1,3
BRDA:61,7,0,1
BRDA:61,7,1,2
BRDA:74,8,0,1
BRDA:74,8,1,1
BRDA:79,9,0,0
BRDA:79,9,1,1
BRF:20
BRH:19
end_of_record
TN:
SF:controllers/bootiesController.js
FN:3,(anonymous_0)
FN:19,(anonymous_1)
FN:29,(anonymous_2)
FN:42,(anonymous_3)
FN:70,(anonymous_4)
FNF:5
FNH:5
FNDA:2,(anonymous_0)
FNDA:2,(anonymous_1)
FNDA:2,(anonymous_2)
FNDA:3,(anonymous_3)
FNDA:3,(anonymous_4)
DA:1,1
DA:3,1
DA:4,2
DA:5,2
DA:7,2
DA:8,2
DA:12,2
DA:14,0
DA:15,0
DA:19,1
DA:20,2
DA:21,2
DA:22,2
DA:24,0
DA:25,0
DA:29,1
DA:30,2
DA:31,2
DA:32,2
DA:33,1
DA:35,1
DA:37,0
DA:38,0
DA:42,1
DA:43,3
DA:45,3
DA:47,3
DA:48,3
DA:49,1
DA:53,2
DA:54,1
DA:57,1
DA:62,1
DA:65,0
DA:66,0
DA:70,1
DA:71,3
DA:72,3
DA:73,3
DA:74,1
DA:77,2
DA:78,1
DA:81,1
DA:83,1
DA:85,0
DA:86,0
LF:46
LH:36
BRDA:10,0,0,2
BRDA:10,0,1,1
BRDA:32,1,0,1
BRDA:32,1,1,1
BRDA:48,2,0,1
BRDA:48,2,1,2
BRDA:53,3,0,1
BRDA:53,3,1,1
BRDA:53,4,0,2
BRDA:53,4,1,1
BRDA:53,4,2,1
BRDA:73,5,0,1
BRDA:73,5,1,2
BRDA:77,6,0,1
BRDA:77,6,1,1
BRDA:77,7,0,2
BRDA:77,7,1,1
BRF:17
BRH:17
end_of_record
TN:
SF:controllers/geminiController.js
FN:10,(anonymous_0)
FNF:1
FNH:0
FNDA:0,(anonymous_0)
DA:1,0
DA:3,0
DA:4,0
DA:5,0
DA:8,0
DA:10,0
DA:11,0
DA:19,0
DA:23,0
DA:25,0
DA:26,0
DA:27,0
DA:30,0
DA:37,0
DA:38,0
LF:15
LH:0
BRDA:4,0,0,0
BRDA:4,0,1,0
BRDA:26,1,0,0
BRDA:26,1,1,0
BRF:4
BRH:0
end_of_record
TN:
SF:controllers/healthController.js
FN:1,(anonymous_0)
FN:10,(anonymous_1)
FN:12,(anonymous_2)
FN:24,(anonymous_3)
FN:315,(anonymous_4)
FN:341,(anonymous_5)
FNF:6
FNH:6
FNDA:2,(anonymous_0)
FNDA:2,(anonymous_1)
FNDA:2,(anonymous_2)
FNDA:2,(anonymous_3)
FNDA:2,(anonymous_4)
FNDA:1,(anonymous_5)
DA:1,1
DA:2,2
DA:10,1
DA:11,2
DA:12,2
DA:13,2
DA:14,1
DA:16,1
DA:24,1
DA:25,2
DA:26,2
DA:27,2
DA:28,2
DA:29,1
DA:30,1
DA:31,1
DA:32,1
DA:33,1
DA:39,1
DA:315,2
DA:341,1
DA:365,1
DA:367,1
DA:368,1
LF:24
LH:24
BRDA:4,0,0,2
BRDA:4,0,1,2
BRDA:5,1,0,2
BRDA:5,1,1,0
BRDA:13,2,0,1
BRDA:13,2,1,1
BRDA:315,3,0,1
BRDA:315,3,1,0
BRDA:317,4,0,1
BRDA:317,4,1,1
BRDA:317,5,0,1
BRDA:317,5,1,0
BRDA:317,6,0,0
BRDA:317,6,1,0
BRDA:341,7,0,1
BRDA:341,7,1,0
BRDA:344,8,0,1
BRDA:344,8,1,0
BRDA:344,9,0,0
BRDA:344,9,1,0
BRDA:344,10,0,0
BRDA:344,10,1,0
BRDA:345,11,0,1
BRDA:345,11,1,0
BRDA:346,12,0,1
BRDA:346,12,1,0
BRDA:347,13,0,1
BRDA:347,13,1,0
BRDA:347,14,0,1
BRDA:347,14,1,0
BRDA:348,15,0,1
BRDA:348,15,1,0
BRDA:349,16,0,1
BRDA:349,16,1,0
BRF:34
BRH:17
end_of_record
TN:
SF:controllers/itemsController.js
FN:2,getClientIp
FN:10,(anonymous_1)
FN:29,(anonymous_2)
FN:53,(anonymous_3)
FN:81,(anonymous_4)
FN:113,(anonymous_5)
FNF:6
FNH:0
FNDA:0,getClientIp
FNDA:0,(anonymous_1)
FNDA:0,(anonymous_2)
FNDA:0,(anonymous_3)
FNDA:0,(anonymous_4)
FNDA:0,(anonymous_5)
DA:3,0
DA:10,0
DA:11,0
DA:12,0
DA:13,0
DA:14,0
DA:15,0
DA:21,0
DA:23,0
DA:24,0
DA:29,0
DA:30,0
DA:31,0
DA:32,0
DA:33,0
DA:34,0
DA:35,0
DA:42,0
DA:43,0
DA:45,0
DA:47,0
DA:48,0
DA:53,0
DA:54,0
DA:55,0
DA:56,0
DA:57,0
DA:58,0
DA:59,0
DA:61,0
DA:65,0
DA:73,0
DA:75,0
DA:76,0
DA:81,0
DA:82,0
DA:83,0
DA:84,0
DA:85,0
DA:86,0
DA:87,0
DA:88,0
DA:89,0
DA:93,0
DA:94,0
DA:96,0
DA:105,0
DA:107,0
DA:108,0
DA:113,0
DA:114,0
DA:115,0
DA:116,0
DA:117,0
DA:118,0
DA:119,0
DA:120,0
DA:122,0
DA:130,0
DA:132,0
DA:133,0
LF:61
LH:0
BRDA:3,0,0,0
BRDA:3,0,1,0
BRDA:3,0,2,0
BRDA:3,0,3,0
BRDA:42,1,0,0
BRDA:42,1,1,0
BRDA:58,2,0,0
BRDA:58,2,1,0
BRDA:63,3,0,0
BRDA:63,3,1,0
BRDA:91,4,0,0
BRDA:91,4,1,0
BRDA:93,5,0,0
BRDA:93,5,1,0
BRDA:119,6,0,0
BRDA:119,6,1,0
BRF:16
BRH:0
end_of_record
TN:
SF:controllers/locationsController.js
FN:3,(anonymous_0)
FN:22,(anonymous_1)
FNF:2
FNH:0
FNDA:0,(anonymous_0)
FNDA:0,(anonymous_1)
DA:1,0
DA:3,0
DA:5,0
DA:6,0
DA:9,0
DA:10,0
DA:11,0
DA:15,0
DA:17,0
DA:18,0
DA:22,0
DA:23,0
DA:24,0
DA:25,0
DA:27,0
DA:28,0
LF:16
LH:0
BRDA:5,0,0,0
BRDA:5,0,1,0
BRDA:5,1,0,0
BRDA:5,1,1,0
BRF:4
BRH:0
end_of_record
TN:
SF:controllers/usersController.js
FN:3,(anonymous_0)
FN:13,(anonymous_1)
FNF:2
FNH:0
FNDA:0,(anonymous_0)
FNDA:0,(anonymous_1)
DA:1,0
DA:3,0
DA:4,0
DA:5,0
DA:6,0
DA:8,0
DA:9,0
DA:13,0
DA:14,0
DA:15,0
DA:16,0
DA:17,0
DA:19,0
DA:21,0
DA:22,0
LF:15
LH:0
BRDA:16,0,0,0
BRDA:16,0,1,0
BRF:2
BRH:0
end_of_record
TN:
SF:middleware/auth.js
FN:3,(anonymous_0)
FNF:1
FNH:1
FNDA:9,(anonymous_0)
DA:1,1
DA:3,1
DA:5,9
DA:8,9
DA:9,1
DA:13,8
DA:14,8
DA:15,8
DA:16,0
DA:18,8
DA:19,8
DA:20,8
DA:22,0
LF:13
LH:11
BRDA:8,0,0,1
BRDA:8,0,1,8
BRDA:15,1,0,0
BRDA:15,1,1,8
BRF:4
BRH:3
end_of_record
TN:
SF:routes/auth.js
FNF:0
FNH:0
DA:1,0
DA:2,0
DA:3,0
DA:8,0
DA:13,0
DA:15,0
LF:6
LH:0
BRF:0
BRH:0
end_of_record
TN:
SF:routes/booties.js
FNF:0
FNH:0
DA:1,0
DA:2,0
DA:3,0
DA:4,0
DA:9,0
DA:14,0
DA:19,0
DA:24,0
DA:29,0
DA:31,0
LF:10
LH:0
BRF:0
BRH:0
end_of_record
TN:
SF:routes/gemini.js
FNF:0
FNH:0
DA:1,0
DA:2,0
DA:3,0
DA:4,0
DA:9,0
DA:11,0
LF:6
LH:0
BRF:0
BRH:0
end_of_record
TN:
SF:routes/health.js
FNF:0
FNH:0
DA:1,0
DA:2,0
DA:3,0
DA:5,0
DA:6,0
DA:7,0
DA:9,0
LF:7
LH:0
BRF:0
BRH:0
end_of_record
TN:
SF:routes/items.js
FNF:0
FNH:0
DA:1,0
DA:2,0
DA:3,0
DA:5,0
DA:6,0
DA:7,0
DA:8,0
DA:9,0
DA:11,0
LF:9
LH:0
BRF:0
BRH:0
end_of_record
TN:
SF:routes/locations.js
FNF:0
FNH:0
DA:1,0
DA:2,0
DA:3,0
DA:4,0
DA:9,0
DA:14,0
DA:16,0
LF:7
LH:0
BRF:0
BRH:0
end_of_record
TN:
SF:routes/users.js
FNF:0
FNH:0
DA:1,0
DA:2,0
DA:3,0
DA:4,0
DA:9,0
DA:14,0
DA:16,0
LF:7
LH:0
BRF:0
BRH:0
end_of_record
TN:
SF:utils/env-validator.js
FN:13,validateEnv
FN:18,(anonymous_1)
FN:31,(anonymous_2)
FN:45,(anonymous_3)
FNF:4
FNH:0
FNDA:0,validateEnv
FNDA:0,(anonymous_1)
FNDA:0,(anonymous_2)
FNDA:0,(anonymous_3)
DA:7,0
DA:14,0
DA:15,0
DA:18,0
DA:19,0
DA:20,0
DA:21,0
DA:24,0
DA:29,0
DA:30,0
DA:31,0
DA:32,0
DA:34,0
DA:35,0
DA:36,0
DA:37,0
DA:38,0
DA:39,0
DA:43,0
DA:44,0
DA:45,0
DA:46,0
DA:48,0
DA:52,0
DA:53,0
DA:57,0
LF:26
LH:0
BRDA:19,0,0,0
BRDA:19,0,1,0
BRDA:21,1,0,0
BRDA:21,1,1,0
BRDA:21,2,0,0
BRDA:21,2,1,0
BRDA:21,2,2,0
BRDA:29,3,0,0
BRDA:29,3,1,0
BRDA:43,4,0,0
BRDA:43,4,1,0
BRDA:52,5,0,0
BRDA:52,5,1,0
BRF:13
BRH:0
end_of_record
